{"level":"debug","time":"2023-07-13T18:35:54Z","message":"Connect","time":1689273354,"duration":85.521,"conn_id":"KcacmeeKiGgs_cCC"}
{"level":"error","time":"2023-07-13T18:35:54Z","message":"QueryContext","query":"SELECT * FROM rentals WHERE id = ?","args":[1],"time":1689273354,"duration":4.935042,"error":"ERROR: syntax error at end of input (SQLSTATE 42601)","conn_id":"KcacmeeKiGgs_cCC"}
{"level":"debug","time":"2023-07-13T18:40:04Z","message":"Connect","time":1689273604,"duration":65.874875,"conn_id":"yo_06USaOYQkqQWw"}
{"level":"info","time":"2023-07-13T18:40:04Z","message":"QueryContext","time":1689273604,"duration":34.7815,"conn_id":"yo_06USaOYQkqQWw","query":"SELECT * FROM rentals WHERE id = $1","args":[1]}
{"level":"debug","time":"2023-07-13T18:40:33Z","message":"Connect","time":1689273633,"duration":62.047333,"conn_id":"suoGK6m648I0_agm"}
{"level":"info","time":"2023-07-13T18:40:33Z","message":"QueryContext","query":"SELECT * FROM rentals WHERE id = $1","args":[1],"time":1689273633,"duration":29.731333,"conn_id":"suoGK6m648I0_agm"}
{"level":"debug","time":"2023-07-13T18:41:50Z","message":"Connect","time":1689273710,"duration":65.132042,"conn_id":"KQMI_wig0c6WEmsk"}
{"level":"info","time":"2023-07-13T18:41:50Z","message":"QueryContext","conn_id":"KQMI_wig0c6WEmsk","query":"SELECT * FROM rentals WHERE id = $1","args":[1],"time":1689273710,"duration":31.39075}
{"level":"debug","time":"2023-07-13T18:52:16Z","message":"Connect","time":1689274336,"duration":60.203,"conn_id":"uqg88GaqQAG_C0Ik"}
{"level":"error","time":"2023-07-13T18:52:16Z","message":"QueryContext","args":["1 OR 1 = 1"],"time":1689274336,"duration":17.331958,"error":"ERROR: invalid input syntax for integer: \"1 OR 1 = 1\" (SQLSTATE 22P02)","conn_id":"uqg88GaqQAG_C0Ik","query":"SELECT * FROM rentals WHERE id = $1"}
{"level":"debug","time":"2023-07-13T18:56:54Z","message":"Connect","conn_id":"_syUmyEeW8cCK_SK","time":1689274614,"duration":71.8635}
{"level":"error","time":"2023-07-13T18:56:54Z","message":"PrepareContext","query":"SELECT * FROM rentals WHERE id = ?","stmt_id":"go8064Ic8swuswMy","time":1689274614,"duration":4.346541,"error":"ERROR: syntax error at end of input (SQLSTATE 42601)","conn_id":"_syUmyEeW8cCK_SK"}
{"level":"debug","time":"2023-07-13T18:57:14Z","message":"Connect","time":1689274634,"duration":63.294583,"conn_id":"Qc2okCsQioiW8Meo"}
{"level":"info","time":"2023-07-13T18:57:14Z","message":"PrepareContext","duration":11.875208,"conn_id":"Qc2okCsQioiW8Meo","query":"SELECT * FROM rentals WHERE id = $1","stmt_id":"MKAyU46wKgiEIYGU","time":1689274634}
{"level":"info","time":"2023-07-13T18:57:14Z","message":"StmtQueryContext","time":1689274634,"duration":20.503291,"conn_id":"Qc2okCsQioiW8Meo","stmt_id":"MKAyU46wKgiEIYGU","query":"SELECT * FROM rentals WHERE id = $1","args":[1]}
{"level":"debug","time":"2023-07-13T18:58:22Z","message":"Connect","time":1689274702,"duration":66.973416,"conn_id":"4kW4IAgWACoUQC_K"}
{"level":"info","time":"2023-07-13T18:58:22Z","message":"QueryContext","args":[1],"time":1689274702,"duration":30.436958,"conn_id":"4kW4IAgWACoUQC_K","query":"SELECT * FROM rentals WHERE id = $1"}
{"level":"debug","time":"2023-07-13T19:00:39Z","message":"Connect","time":1689274839,"duration":59.044041,"conn_id":"8O2GY_q_esuoUSY0"}
{"level":"error","time":"2023-07-13T19:00:39Z","message":"QueryContext","time":1689274839,"duration":3.825542,"error":"ERROR: syntax error at or near \"JOIN\" (SQLSTATE 42601)","conn_id":"8O2GY_q_esuoUSY0","query":"\n\t\tSELECT * \n\t\tFROM rentals r\n\t\tWHERE id = $1\n\t\tJOIN users u ON u.id = r.user_id\n\t","args":[1]}
{"level":"debug","time":"2023-07-13T19:01:48Z","message":"Connect","time":1689274908,"duration":67.860083,"conn_id":"yY8aWMS0ec2q2GWA"}
{"level":"error","time":"2023-07-13T19:01:48Z","message":"QueryContext","error":"ERROR: syntax error at or near \"JOIN\" (SQLSTATE 42601)","conn_id":"yY8aWMS0ec2q2GWA","query":"\n\t\tSELECT * \n\t\tFROM rentals\n\t\tWHERE id = $1\n\t\tJOIN users ON users.id = rentals.user_id\n\t","args":[1],"time":1689274908,"duration":4.140167}
{"level":"debug","time":"2023-07-13T19:02:48Z","message":"Connect","time":1689274968,"duration":59.367833,"conn_id":"yyy_eicmS_iaoIAe"}
{"level":"info","time":"2023-07-13T19:02:48Z","message":"QueryContext","time":1689274968,"duration":39.093541,"conn_id":"yyy_eicmS_iaoIAe","query":"\n\t\tSELECT * \n\t\tFROM rentals\n\t\tJOIN users ON users.id = rentals.user_id\n\t\tWHERE rentals.id = $1;\n\t","args":[1]}
{"level":"debug","time":"2023-07-13T19:03:56Z","message":"Connect","time":1689275036,"duration":64.722833,"conn_id":"sgu4E8GOYccuscgs"}
{"level":"info","time":"2023-07-13T19:03:56Z","message":"QueryContext","duration":43.028458,"conn_id":"sgu4E8GOYccuscgs","query":"\n\t\tSELECT * \n\t\tFROM rentals\n\t\tJOIN users ON users.id = rentals.user_id\n\t\tWHERE rentals.id = $1;\n\t","args":[1],"time":1689275036}
{"level":"debug","time":"2023-07-13T19:04:59Z","message":"Connect","conn_id":"Kiu226CacIyCQYAW","time":1689275099,"duration":64.078167}
{"level":"info","time":"2023-07-13T19:04:59Z","message":"QueryContext","duration":41.936834,"conn_id":"Kiu226CacIyCQYAW","query":"\n\t\tSELECT * \n\t\tFROM rentals\n\t\tJOIN users ON users.id = rentals.user_id\n\t\tWHERE rentals.id = $1;\n\t","args":[1],"time":1689275099}
{"level":"debug","time":"2023-07-13T20:39:36Z","message":"Connect","time":1689280776,"duration":79.428209,"conn_id":"kqkGaaIoYYkkosGi"}
{"level":"info","time":"2023-07-13T20:39:36Z","message":"QueryContext","duration":49.042333,"conn_id":"kqkGaaIoYYkkosGi","query":"\n\t\tSELECT * \n\t\tFROM rentals\n\t\tJOIN users ON users.id = rentals.user_id\n\t\tWHERE rentals.id = $1;\n\t","args":[1],"time":1689280776}
